<?xml version="1.0" encoding="UTF-8"?>
<testsuite xmlns:xsi="http://www.w3.org/2001/XMLSchema-instance" xsi:noNamespaceSchemaLocation="https://maven.apache.org/surefire/maven-surefire-plugin/xsd/surefire-test-report-3.0.xsd" version="3.0" name="com.coffeecode.repository.DictionaryRepositoryTest" time="0.404" tests="2" errors="0" skipped="0" failures="0">
  <properties>
[...]
</properties>
  <testcase name="shouldReturnZeroSizeForUninitializedRepository" classname="com.coffeecode.repository.DictionaryRepositoryTest" time="0.317">
    <system-out><![CDATA[virtual THREAD FACTORY
08:32:15,381 |-INFO in ch.qos.logback.classic.LoggerContext[default] - This is logback-classic version 1.4.12
08:32:15,381 |-INFO in ch.qos.logback.classic.util.ContextInitializer@58594a11 - No custom configurators were discovered as a service.
08:32:15,381 |-INFO in ch.qos.logback.classic.util.ContextInitializer@58594a11 - Trying to configure with ch.qos.logback.classic.joran.SerializedModelConfigurator
08:32:15,382 |-INFO in ch.qos.logback.classic.util.ContextInitializer@58594a11 - Constructed configurator of type class ch.qos.logback.classic.joran.SerializedModelConfigurator
08:32:15,387 |-INFO in ch.qos.logback.classic.LoggerContext[default] - Could NOT find resource [logback-test.scmo]
08:32:15,387 |-INFO in ch.qos.logback.classic.LoggerContext[default] - Could NOT find resource [logback.scmo]
08:32:15,409 |-INFO in ch.qos.logback.classic.util.ContextInitializer@58594a11 - ch.qos.logback.classic.joran.SerializedModelConfigurator.configure() call lasted 9 milliseconds. ExecutionStatus=INVOKE_NEXT_IF_ANY
08:32:15,409 |-INFO in ch.qos.logback.classic.util.ContextInitializer@58594a11 - Trying to configure with ch.qos.logback.classic.util.DefaultJoranConfigurator
08:32:15,409 |-INFO in ch.qos.logback.classic.util.ContextInitializer@58594a11 - Constructed configurator of type class ch.qos.logback.classic.util.DefaultJoranConfigurator
08:32:15,409 |-INFO in ch.qos.logback.classic.LoggerContext[default] - Could NOT find resource [logback-test.xml]
08:32:15,413 |-INFO in ch.qos.logback.classic.LoggerContext[default] - Found resource [logback.xml] at [file:/F:/Tugas-campus/binary-search/target/classes/logback.xml]
08:32:15,492 |-INFO in ch.qos.logback.classic.model.processor.ConfigurationModelHandlerFull - Registering a new ReconfigureOnChangeTask ReconfigureOnChangeTask(born:1736731935491)
08:32:15,492 |-INFO in ch.qos.logback.classic.model.processor.ConfigurationModelHandlerFull - Will scan for changes in [file:/F:/Tugas-campus/binary-search/target/classes/logback.xml] 
08:32:15,493 |-INFO in ch.qos.logback.classic.model.processor.ConfigurationModelHandlerFull - Setting ReconfigureOnChangeTask scanning period to 30 seconds
08:32:15,496 |-INFO in ch.qos.logback.core.model.processor.AppenderModelHandler - Processing appender named [Console]
08:32:15,496 |-INFO in ch.qos.logback.core.model.processor.AppenderModelHandler - About to instantiate appender of type [ch.qos.logback.core.ConsoleAppender]
08:32:15,500 |-INFO in ch.qos.logback.core.model.processor.ImplicitModelHandler - Assuming default type [ch.qos.logback.classic.encoder.PatternLayoutEncoder] for [encoder] property
08:32:15,518 |-INFO in ch.qos.logback.core.model.processor.AppenderModelHandler - Processing appender named [RollingFile]
08:32:15,518 |-INFO in ch.qos.logback.core.model.processor.AppenderModelHandler - About to instantiate appender of type [ch.qos.logback.core.rolling.RollingFileAppender]
08:32:15,523 |-INFO in ch.qos.logback.core.model.processor.ImplicitModelHandler - Assuming default type [ch.qos.logback.classic.encoder.PatternLayoutEncoder] for [encoder] property
08:32:15,529 |-INFO in c.q.l.core.rolling.SizeAndTimeBasedRollingPolicy@708348097 - setting totalSizeCap to 1 GB
08:32:15,530 |-INFO in c.q.l.core.rolling.SizeAndTimeBasedRollingPolicy@708348097 - Archive files will be limited to [10 MB] each.
08:32:15,532 |-INFO in c.q.l.core.rolling.SizeAndTimeBasedRollingPolicy@708348097 - Will use gz compression
08:32:15,532 |-INFO in c.q.l.core.rolling.SizeAndTimeBasedRollingPolicy@708348097 - Will use the pattern logs/archive/%d{yyyy-MM-dd}/application-%d{yyyy-MM-dd}-%i.log for the active file
08:32:15,536 |-INFO in ch.qos.logback.core.rolling.SizeAndTimeBasedFNATP@4167d97b - The date pattern is 'yyyy-MM-dd' from file name pattern 'logs/archive/%d{yyyy-MM-dd}/application-%d{yyyy-MM-dd}-%i.log.gz'.
08:32:15,536 |-INFO in ch.qos.logback.core.rolling.SizeAndTimeBasedFNATP@4167d97b - Roll-over at midnight.
08:32:15,541 |-INFO in ch.qos.logback.core.rolling.SizeAndTimeBasedFNATP@4167d97b - Setting initial period to 2025-01-13T01:31:51.318Z
08:32:15,551 |-INFO in ch.qos.logback.core.rolling.RollingFileAppender[RollingFile] - Active log file name: logs/application.log
08:32:15,551 |-INFO in ch.qos.logback.core.rolling.RollingFileAppender[RollingFile] - File property is set to [logs/application.log]
08:32:15,552 |-WARN in ch.qos.logback.core.model.processor.AppenderModelHandler - Appender named [Async] not referenced. Skipping further processing.
08:32:15,552 |-INFO in ch.qos.logback.classic.model.processor.LoggerModelHandler - Setting level of logger [com.coffeecode] to DEBUG
08:32:15,552 |-INFO in ch.qos.logback.classic.model.processor.RootLoggerModelHandler - Setting level of ROOT logger to INFO
08:32:15,552 |-INFO in ch.qos.logback.core.model.processor.AppenderRefModelHandler - Attaching appender named [Console] to Logger[ROOT]
08:32:15,553 |-INFO in ch.qos.logback.core.model.processor.AppenderRefModelHandler - Attaching appender named [RollingFile] to Logger[ROOT]
08:32:15,553 |-INFO in ch.qos.logback.core.model.processor.DefaultProcessor@14fa86ae - End of configuration.
08:32:15,555 |-INFO in ch.qos.logback.classic.joran.JoranConfigurator@6e15fe2 - Registering current configuration as safe fallback point
08:32:15,555 |-INFO in ch.qos.logback.classic.util.ContextInitializer@58594a11 - ch.qos.logback.classic.util.DefaultJoranConfigurator.configure() call lasted 146 milliseconds. ExecutionStatus=DO_NOT_INVOKE_NEXT_IF_ANY

]]></system-out>
  </testcase>
  <testcase name="shouldInitializeRepository" classname="com.coffeecode.repository.DictionaryRepositoryTest" time="0.065"/>
</testsuite>