<?xml version="1.0" encoding="UTF-8"?>
<testsuite xmlns:xsi="http://www.w3.org/2001/XMLSchema-instance" xsi:noNamespaceSchemaLocation="https://maven.apache.org/surefire/maven-surefire-plugin/xsd/surefire-test-report-3.0.xsd" version="3.0" name="com.coffeecode.repository.DictionaryRepositoryTest" time="0.395" tests="3" errors="0" skipped="0" failures="0">
  <properties>
[...]
</properties>
  <testcase name="shouldInitializeWithValidData" classname="com.coffeecode.repository.DictionaryRepositoryTest" time="0.369">
    <system-out><![CDATA[virtual THREAD FACTORY
08:37:20,521 |-INFO in ch.qos.logback.classic.LoggerContext[default] - This is logback-classic version 1.4.12
08:37:20,522 |-INFO in ch.qos.logback.classic.util.ContextInitializer@2a3888c1 - No custom configurators were discovered as a service.
08:37:20,522 |-INFO in ch.qos.logback.classic.util.ContextInitializer@2a3888c1 - Trying to configure with ch.qos.logback.classic.joran.SerializedModelConfigurator
08:37:20,523 |-INFO in ch.qos.logback.classic.util.ContextInitializer@2a3888c1 - Constructed configurator of type class ch.qos.logback.classic.joran.SerializedModelConfigurator
08:37:20,528 |-INFO in ch.qos.logback.classic.LoggerContext[default] - Could NOT find resource [logback-test.scmo]
08:37:20,528 |-INFO in ch.qos.logback.classic.LoggerContext[default] - Could NOT find resource [logback.scmo]
08:37:20,533 |-INFO in ch.qos.logback.classic.util.ContextInitializer@2a3888c1 - ch.qos.logback.classic.joran.SerializedModelConfigurator.configure() call lasted 6 milliseconds. ExecutionStatus=INVOKE_NEXT_IF_ANY
08:37:20,533 |-INFO in ch.qos.logback.classic.util.ContextInitializer@2a3888c1 - Trying to configure with ch.qos.logback.classic.util.DefaultJoranConfigurator
08:37:20,537 |-INFO in ch.qos.logback.classic.util.ContextInitializer@2a3888c1 - Constructed configurator of type class ch.qos.logback.classic.util.DefaultJoranConfigurator
08:37:20,539 |-INFO in ch.qos.logback.classic.LoggerContext[default] - Could NOT find resource [logback-test.xml]
08:37:20,543 |-INFO in ch.qos.logback.classic.LoggerContext[default] - Found resource [logback.xml] at [file:/F:/Tugas-campus/binary-search/target/classes/logback.xml]
08:37:20,614 |-INFO in ch.qos.logback.classic.model.processor.ConfigurationModelHandlerFull - Registering a new ReconfigureOnChangeTask ReconfigureOnChangeTask(born:1736732240613)
08:37:20,615 |-INFO in ch.qos.logback.classic.model.processor.ConfigurationModelHandlerFull - Will scan for changes in [file:/F:/Tugas-campus/binary-search/target/classes/logback.xml] 
08:37:20,615 |-INFO in ch.qos.logback.classic.model.processor.ConfigurationModelHandlerFull - Setting ReconfigureOnChangeTask scanning period to 30 seconds
08:37:20,619 |-INFO in ch.qos.logback.core.model.processor.AppenderModelHandler - Processing appender named [Console]
08:37:20,619 |-INFO in ch.qos.logback.core.model.processor.AppenderModelHandler - About to instantiate appender of type [ch.qos.logback.core.ConsoleAppender]
08:37:20,623 |-INFO in ch.qos.logback.core.model.processor.ImplicitModelHandler - Assuming default type [ch.qos.logback.classic.encoder.PatternLayoutEncoder] for [encoder] property
08:37:20,645 |-INFO in ch.qos.logback.core.model.processor.AppenderModelHandler - Processing appender named [RollingFile]
08:37:20,645 |-INFO in ch.qos.logback.core.model.processor.AppenderModelHandler - About to instantiate appender of type [ch.qos.logback.core.rolling.RollingFileAppender]
08:37:20,649 |-INFO in ch.qos.logback.core.model.processor.ImplicitModelHandler - Assuming default type [ch.qos.logback.classic.encoder.PatternLayoutEncoder] for [encoder] property
08:37:20,655 |-INFO in c.q.l.core.rolling.SizeAndTimeBasedRollingPolicy@1097324923 - setting totalSizeCap to 1 GB
08:37:20,656 |-INFO in c.q.l.core.rolling.SizeAndTimeBasedRollingPolicy@1097324923 - Archive files will be limited to [10 MB] each.
08:37:20,658 |-INFO in c.q.l.core.rolling.SizeAndTimeBasedRollingPolicy@1097324923 - Will use gz compression
08:37:20,660 |-INFO in c.q.l.core.rolling.SizeAndTimeBasedRollingPolicy@1097324923 - Will use the pattern logs/archive/%d{yyyy-MM-dd}/application-%d{yyyy-MM-dd}-%i.log for the active file
08:37:20,664 |-INFO in ch.qos.logback.core.rolling.SizeAndTimeBasedFNATP@14fa86ae - The date pattern is 'yyyy-MM-dd' from file name pattern 'logs/archive/%d{yyyy-MM-dd}/application-%d{yyyy-MM-dd}-%i.log.gz'.
08:37:20,664 |-INFO in ch.qos.logback.core.rolling.SizeAndTimeBasedFNATP@14fa86ae - Roll-over at midnight.
08:37:20,665 |-INFO in ch.qos.logback.core.rolling.SizeAndTimeBasedFNATP@14fa86ae - Setting initial period to 2025-01-13T01:37:18.165Z
08:37:20,666 |-INFO in ch.qos.logback.core.rolling.RollingFileAppender[RollingFile] - Active log file name: logs/application.log
08:37:20,667 |-INFO in ch.qos.logback.core.rolling.RollingFileAppender[RollingFile] - File property is set to [logs/application.log]
08:37:20,667 |-WARN in ch.qos.logback.core.model.processor.AppenderModelHandler - Appender named [Async] not referenced. Skipping further processing.
08:37:20,668 |-INFO in ch.qos.logback.classic.model.processor.LoggerModelHandler - Setting level of logger [com.coffeecode] to DEBUG
08:37:20,668 |-INFO in ch.qos.logback.classic.model.processor.RootLoggerModelHandler - Setting level of ROOT logger to INFO
08:37:20,668 |-INFO in ch.qos.logback.core.model.processor.AppenderRefModelHandler - Attaching appender named [Console] to Logger[ROOT]
08:37:20,668 |-INFO in ch.qos.logback.core.model.processor.AppenderRefModelHandler - Attaching appender named [RollingFile] to Logger[ROOT]
08:37:20,668 |-INFO in ch.qos.logback.core.model.processor.DefaultProcessor@6e15fe2 - End of configuration.
08:37:20,670 |-INFO in ch.qos.logback.classic.joran.JoranConfigurator@68f1b17f - Registering current configuration as safe fallback point
08:37:20,670 |-INFO in ch.qos.logback.classic.util.ContextInitializer@2a3888c1 - ch.qos.logback.classic.util.DefaultJoranConfigurator.configure() call lasted 133 milliseconds. ExecutionStatus=DO_NOT_INVOKE_NEXT_IF_ANY

08:37:20.770 [main] &amp#27;[34mINFO &amp#27;[0;39m &amp#27;[36mc.c.loader.JsonDictionaryLoader&amp#27;[0;39m - JsonDictionaryLoader initialized
08:37:20.771 [main] &amp#27;[39mDEBUG&amp#27;[0;39m &amp#27;[36mc.c.repository.DictionaryRepository&amp#27;[0;39m - DictionaryRepository created with loader: JsonDictionaryLoader
08:37:20.777 [main] &amp#27;[34mINFO &amp#27;[0;39m &amp#27;[36mc.c.repository.DictionaryRepository&amp#27;[0;39m - Initializing dictionary from source: /data/wordsdictionary.json
08:37:20.777 [main] &amp#27;[34mINFO &amp#27;[0;39m &amp#27;[36mc.c.loader.JsonDictionaryLoader&amp#27;[0;39m - Loading dictionary from: /data/wordsdictionary.json
08:37:20.849 [main] &amp#27;[34mINFO &amp#27;[0;39m &amp#27;[36mc.c.loader.JsonDictionaryLoader&amp#27;[0;39m - Successfully loaded 52 words
08:37:20.849 [main] &amp#27;[34mINFO &amp#27;[0;39m &amp#27;[36mc.c.repository.DictionaryRepository&amp#27;[0;39m - Dictionary initialized with 52 words
]]></system-out>
  </testcase>
  <testcase name="shouldThrowExceptionForInvalidSource" classname="com.coffeecode.repository.DictionaryRepositoryTest" time="0.005">
    <system-out><![CDATA[08:37:20.857 [main] &amp#27;[34mINFO &amp#27;[0;39m &amp#27;[36mc.c.loader.JsonDictionaryLoader&amp#27;[0;39m - JsonDictionaryLoader initialized
08:37:20.857 [main] &amp#27;[39mDEBUG&amp#27;[0;39m &amp#27;[36mc.c.repository.DictionaryRepository&amp#27;[0;39m - DictionaryRepository created with loader: JsonDictionaryLoader
08:37:20.858 [main] &amp#27;[34mINFO &amp#27;[0;39m &amp#27;[36mc.c.repository.DictionaryRepository&amp#27;[0;39m - Initializing dictionary from source: /invalid/path.json
08:37:20.858 [main] &amp#27;[34mINFO &amp#27;[0;39m &amp#27;[36mc.c.loader.JsonDictionaryLoader&amp#27;[0;39m - Loading dictionary from: /invalid/path.json
08:37:20.859 [main] &amp#27;[1;31mERROR&amp#27;[0;39m &amp#27;[36mc.c.loader.JsonDictionaryLoader&amp#27;[0;39m - Resource not found: /invalid/path.json
08:37:20.859 [main] &amp#27;[1;31mERROR&amp#27;[0;39m &amp#27;[36mc.c.repository.DictionaryRepository&amp#27;[0;39m - Failed to initialize dictionary - no data loaded
]]></system-out>
  </testcase>
  <testcase name="shouldThrowExceptionWhenUninitialized" classname="com.coffeecode.repository.DictionaryRepositoryTest" time="0.002">
    <system-out><![CDATA[08:37:20.863 [main] &amp#27;[34mINFO &amp#27;[0;39m &amp#27;[36mc.c.loader.JsonDictionaryLoader&amp#27;[0;39m - JsonDictionaryLoader initialized
08:37:20.863 [main] &amp#27;[39mDEBUG&amp#27;[0;39m &amp#27;[36mc.c.repository.DictionaryRepository&amp#27;[0;39m - DictionaryRepository created with loader: JsonDictionaryLoader
08:37:20.864 [main] &amp#27;[1;31mERROR&amp#27;[0;39m &amp#27;[36mc.c.repository.DictionaryRepository&amp#27;[0;39m - Attempted to access uninitialized dictionary
]]></system-out>
  </testcase>
</testsuite>