<?xml version="1.0" encoding="UTF-8"?>
<testsuite xmlns:xsi="http://www.w3.org/2001/XMLSchema-instance" xsi:noNamespaceSchemaLocation="https://maven.apache.org/surefire/maven-surefire-plugin/xsd/surefire-test-report-3.0.xsd" version="3.0" name="com.coffeecode.sort.SortTest$EdgeCases" time="0.235" tests="3" errors="0" skipped="0" failures="0">
  <properties>
[...]
</properties>
  <testcase name="shouldHandleSingleElement" classname="com.coffeecode.sort.SortTest$EdgeCases" time="0.214">
    <system-out><![CDATA[virtual THREAD FACTORY
09:12:00,869 |-INFO in ch.qos.logback.classic.LoggerContext[default] - This is logback-classic version 1.4.12
09:12:00,870 |-INFO in ch.qos.logback.classic.util.ContextInitializer@1205bd62 - No custom configurators were discovered as a service.
09:12:00,870 |-INFO in ch.qos.logback.classic.util.ContextInitializer@1205bd62 - Trying to configure with ch.qos.logback.classic.joran.SerializedModelConfigurator
09:12:00,870 |-INFO in ch.qos.logback.classic.util.ContextInitializer@1205bd62 - Constructed configurator of type class ch.qos.logback.classic.joran.SerializedModelConfigurator
09:12:00,881 |-INFO in ch.qos.logback.classic.LoggerContext[default] - Could NOT find resource [logback-test.scmo]
09:12:00,881 |-INFO in ch.qos.logback.classic.LoggerContext[default] - Could NOT find resource [logback.scmo]
09:12:00,888 |-INFO in ch.qos.logback.classic.util.ContextInitializer@1205bd62 - ch.qos.logback.classic.joran.SerializedModelConfigurator.configure() call lasted 11 milliseconds. ExecutionStatus=INVOKE_NEXT_IF_ANY
09:12:00,888 |-INFO in ch.qos.logback.classic.util.ContextInitializer@1205bd62 - Trying to configure with ch.qos.logback.classic.util.DefaultJoranConfigurator
09:12:00,888 |-INFO in ch.qos.logback.classic.util.ContextInitializer@1205bd62 - Constructed configurator of type class ch.qos.logback.classic.util.DefaultJoranConfigurator
09:12:00,889 |-INFO in ch.qos.logback.classic.LoggerContext[default] - Could NOT find resource [logback-test.xml]
09:12:00,892 |-INFO in ch.qos.logback.classic.LoggerContext[default] - Found resource [logback.xml] at [file:/F:/Tugas-campus/binary-search/target/classes/logback.xml]
09:12:00,962 |-INFO in ch.qos.logback.classic.model.processor.ConfigurationModelHandlerFull - Registering a new ReconfigureOnChangeTask ReconfigureOnChangeTask(born:1736734320961)
09:12:00,962 |-INFO in ch.qos.logback.classic.model.processor.ConfigurationModelHandlerFull - Will scan for changes in [file:/F:/Tugas-campus/binary-search/target/classes/logback.xml] 
09:12:00,963 |-INFO in ch.qos.logback.classic.model.processor.ConfigurationModelHandlerFull - Setting ReconfigureOnChangeTask scanning period to 30 seconds
09:12:00,966 |-INFO in ch.qos.logback.core.model.processor.AppenderModelHandler - Processing appender named [Console]
09:12:00,966 |-INFO in ch.qos.logback.core.model.processor.AppenderModelHandler - About to instantiate appender of type [ch.qos.logback.core.ConsoleAppender]
09:12:00,971 |-INFO in ch.qos.logback.core.model.processor.ImplicitModelHandler - Assuming default type [ch.qos.logback.classic.encoder.PatternLayoutEncoder] for [encoder] property
09:12:00,991 |-INFO in ch.qos.logback.core.model.processor.AppenderModelHandler - Processing appender named [RollingFile]
09:12:00,991 |-INFO in ch.qos.logback.core.model.processor.AppenderModelHandler - About to instantiate appender of type [ch.qos.logback.core.rolling.RollingFileAppender]
09:12:00,994 |-INFO in ch.qos.logback.core.model.processor.ImplicitModelHandler - Assuming default type [ch.qos.logback.classic.encoder.PatternLayoutEncoder] for [encoder] property
09:12:01,000 |-INFO in c.q.l.core.rolling.SizeAndTimeBasedRollingPolicy@2129821055 - setting totalSizeCap to 1 GB
09:12:01,004 |-INFO in c.q.l.core.rolling.SizeAndTimeBasedRollingPolicy@2129821055 - Archive files will be limited to [10 MB] each.
09:12:01,005 |-INFO in c.q.l.core.rolling.SizeAndTimeBasedRollingPolicy@2129821055 - Will use gz compression
09:12:01,011 |-INFO in c.q.l.core.rolling.SizeAndTimeBasedRollingPolicy@2129821055 - Will use the pattern logs/archive/%d{yyyy-MM-dd}/application-%d{yyyy-MM-dd}-%i.log for the active file
09:12:01,020 |-INFO in ch.qos.logback.core.rolling.SizeAndTimeBasedFNATP@490caf5f - The date pattern is 'yyyy-MM-dd' from file name pattern 'logs/archive/%d{yyyy-MM-dd}/application-%d{yyyy-MM-dd}-%i.log.gz'.
09:12:01,020 |-INFO in ch.qos.logback.core.rolling.SizeAndTimeBasedFNATP@490caf5f - Roll-over at midnight.
09:12:01,020 |-INFO in ch.qos.logback.core.rolling.SizeAndTimeBasedFNATP@490caf5f - Setting initial period to 2025-01-13T02:11:24.984Z
09:12:01,024 |-INFO in ch.qos.logback.core.rolling.RollingFileAppender[RollingFile] - Active log file name: logs/application.log
09:12:01,024 |-INFO in ch.qos.logback.core.rolling.RollingFileAppender[RollingFile] - File property is set to [logs/application.log]
09:12:01,027 |-WARN in ch.qos.logback.core.model.processor.AppenderModelHandler - Appender named [Async] not referenced. Skipping further processing.
09:12:01,029 |-INFO in ch.qos.logback.classic.model.processor.LoggerModelHandler - Setting level of logger [com.coffeecode] to DEBUG
09:12:01,029 |-INFO in ch.qos.logback.classic.model.processor.RootLoggerModelHandler - Setting level of ROOT logger to INFO
09:12:01,029 |-INFO in ch.qos.logback.core.model.processor.AppenderRefModelHandler - Attaching appender named [Console] to Logger[ROOT]
09:12:01,029 |-INFO in ch.qos.logback.core.model.processor.AppenderRefModelHandler - Attaching appender named [RollingFile] to Logger[ROOT]
09:12:01,030 |-INFO in ch.qos.logback.core.model.processor.DefaultProcessor@6337c201 - End of configuration.
09:12:01,030 |-INFO in ch.qos.logback.classic.joran.JoranConfigurator@5c669da8 - Registering current configuration as safe fallback point
09:12:01,030 |-INFO in ch.qos.logback.classic.util.ContextInitializer@1205bd62 - ch.qos.logback.classic.util.DefaultJoranConfigurator.configure() call lasted 142 milliseconds. ExecutionStatus=DO_NOT_INVOKE_NEXT_IF_ANY

09:12:01.038 [main] &amp#27;[39mDEBUG&amp#27;[0;39m &amp#27;[36mcom.coffeecode.sort.MergeSort&amp#27;[0;39m - Sorting dictionary by ENGLISH
]]></system-out>
  </testcase>
  <testcase name="shouldHandleNullArray" classname="com.coffeecode.sort.SortTest$EdgeCases" time="0.002">
    <system-out><![CDATA[09:12:01.054 [main] &amp#27;[39mDEBUG&amp#27;[0;39m &amp#27;[36mcom.coffeecode.sort.MergeSort&amp#27;[0;39m - Sorting dictionary by ENGLISH
]]></system-out>
  </testcase>
  <testcase name="shouldHandleEmptyArray" classname="com.coffeecode.sort.SortTest$EdgeCases" time="0.003">
    <system-out><![CDATA[09:12:01.058 [main] &amp#27;[39mDEBUG&amp#27;[0;39m &amp#27;[36mcom.coffeecode.sort.MergeSort&amp#27;[0;39m - Sorting dictionary by ENGLISH
]]></system-out>
  </testcase>
</testsuite>