<?xml version="1.0" encoding="UTF-8"?>
<testsuite xmlns:xsi="http://www.w3.org/2001/XMLSchema-instance" xsi:noNamespaceSchemaLocation="https://maven.apache.org/surefire/maven-surefire-plugin/xsd/surefire-test-report-3.0.xsd" version="3.0" name="com.coffeecode.search.BinarySearchTest$EdgeCases" time="0.259" tests="3" errors="2" skipped="0" failures="0">
  <properties>
[...]
</properties>
  <testcase name="shouldHandleNullArray" classname="com.coffeecode.search.BinarySearchTest$EdgeCases" time="0.221">
    <error message="Cannot read the array length because &quot;dictionary&quot; is null" type="java.lang.NullPointerException"><![CDATA[java.lang.NullPointerException: Cannot read the array length because "dictionary" is null
	at com.coffeecode.search.BinarySearch.search(BinarySearch.java:16)
	at com.coffeecode.search.BinarySearchTest$EdgeCases.shouldHandleNullArray(BinarySearchTest.java:80)
	at java.base/java.lang.reflect.Method.invoke(Method.java:580)
	at java.base/java.util.ArrayList.forEach(ArrayList.java:1597)
	at java.base/java.util.ArrayList.forEach(ArrayList.java:1597)
	at java.base/java.util.ArrayList.forEach(ArrayList.java:1597)
]]></error>
    <system-out><![CDATA[virtual THREAD FACTORY
09:03:06,018 |-INFO in ch.qos.logback.classic.LoggerContext[default] - This is logback-classic version 1.4.12
09:03:06,019 |-INFO in ch.qos.logback.classic.util.ContextInitializer@490caf5f - No custom configurators were discovered as a service.
09:03:06,019 |-INFO in ch.qos.logback.classic.util.ContextInitializer@490caf5f - Trying to configure with ch.qos.logback.classic.joran.SerializedModelConfigurator
09:03:06,020 |-INFO in ch.qos.logback.classic.util.ContextInitializer@490caf5f - Constructed configurator of type class ch.qos.logback.classic.joran.SerializedModelConfigurator
09:03:06,024 |-INFO in ch.qos.logback.classic.LoggerContext[default] - Could NOT find resource [logback-test.scmo]
09:03:06,024 |-INFO in ch.qos.logback.classic.LoggerContext[default] - Could NOT find resource [logback.scmo]
09:03:06,039 |-INFO in ch.qos.logback.classic.util.ContextInitializer@490caf5f - ch.qos.logback.classic.joran.SerializedModelConfigurator.configure() call lasted 6 milliseconds. ExecutionStatus=INVOKE_NEXT_IF_ANY
09:03:06,039 |-INFO in ch.qos.logback.classic.util.ContextInitializer@490caf5f - Trying to configure with ch.qos.logback.classic.util.DefaultJoranConfigurator
09:03:06,040 |-INFO in ch.qos.logback.classic.util.ContextInitializer@490caf5f - Constructed configurator of type class ch.qos.logback.classic.util.DefaultJoranConfigurator
09:03:06,040 |-INFO in ch.qos.logback.classic.LoggerContext[default] - Could NOT find resource [logback-test.xml]
09:03:06,043 |-INFO in ch.qos.logback.classic.LoggerContext[default] - Found resource [logback.xml] at [file:/F:/Tugas-campus/binary-search/target/classes/logback.xml]
09:03:06,117 |-INFO in ch.qos.logback.classic.model.processor.ConfigurationModelHandlerFull - Registering a new ReconfigureOnChangeTask ReconfigureOnChangeTask(born:1736733786116)
09:03:06,118 |-INFO in ch.qos.logback.classic.model.processor.ConfigurationModelHandlerFull - Will scan for changes in [file:/F:/Tugas-campus/binary-search/target/classes/logback.xml] 
09:03:06,118 |-INFO in ch.qos.logback.classic.model.processor.ConfigurationModelHandlerFull - Setting ReconfigureOnChangeTask scanning period to 30 seconds
09:03:06,122 |-INFO in ch.qos.logback.core.model.processor.AppenderModelHandler - Processing appender named [Console]
09:03:06,122 |-INFO in ch.qos.logback.core.model.processor.AppenderModelHandler - About to instantiate appender of type [ch.qos.logback.core.ConsoleAppender]
09:03:06,127 |-INFO in ch.qos.logback.core.model.processor.ImplicitModelHandler - Assuming default type [ch.qos.logback.classic.encoder.PatternLayoutEncoder] for [encoder] property
09:03:06,147 |-INFO in ch.qos.logback.core.model.processor.AppenderModelHandler - Processing appender named [RollingFile]
09:03:06,147 |-INFO in ch.qos.logback.core.model.processor.AppenderModelHandler - About to instantiate appender of type [ch.qos.logback.core.rolling.RollingFileAppender]
09:03:06,150 |-INFO in ch.qos.logback.core.model.processor.ImplicitModelHandler - Assuming default type [ch.qos.logback.classic.encoder.PatternLayoutEncoder] for [encoder] property
09:03:06,163 |-INFO in c.q.l.core.rolling.SizeAndTimeBasedRollingPolicy@1664598529 - setting totalSizeCap to 1 GB
09:03:06,164 |-INFO in c.q.l.core.rolling.SizeAndTimeBasedRollingPolicy@1664598529 - Archive files will be limited to [10 MB] each.
09:03:06,165 |-INFO in c.q.l.core.rolling.SizeAndTimeBasedRollingPolicy@1664598529 - Will use gz compression
09:03:06,166 |-INFO in c.q.l.core.rolling.SizeAndTimeBasedRollingPolicy@1664598529 - Will use the pattern logs/archive/%d{yyyy-MM-dd}/application-%d{yyyy-MM-dd}-%i.log for the active file
09:03:06,169 |-INFO in ch.qos.logback.core.rolling.SizeAndTimeBasedFNATP@5c669da8 - The date pattern is 'yyyy-MM-dd' from file name pattern 'logs/archive/%d{yyyy-MM-dd}/application-%d{yyyy-MM-dd}-%i.log.gz'.
09:03:06,169 |-INFO in ch.qos.logback.core.rolling.SizeAndTimeBasedFNATP@5c669da8 - Roll-over at midnight.
09:03:06,170 |-INFO in ch.qos.logback.core.rolling.SizeAndTimeBasedFNATP@5c669da8 - Setting initial period to 2025-01-13T02:03:03.245Z
09:03:06,172 |-INFO in ch.qos.logback.core.rolling.RollingFileAppender[RollingFile] - Active log file name: logs/application.log
09:03:06,172 |-INFO in ch.qos.logback.core.rolling.RollingFileAppender[RollingFile] - File property is set to [logs/application.log]
09:03:06,173 |-WARN in ch.qos.logback.core.model.processor.AppenderModelHandler - Appender named [Async] not referenced. Skipping further processing.
09:03:06,174 |-INFO in ch.qos.logback.classic.model.processor.LoggerModelHandler - Setting level of logger [com.coffeecode] to DEBUG
09:03:06,174 |-INFO in ch.qos.logback.classic.model.processor.RootLoggerModelHandler - Setting level of ROOT logger to INFO
09:03:06,174 |-INFO in ch.qos.logback.core.model.processor.AppenderRefModelHandler - Attaching appender named [Console] to Logger[ROOT]
09:03:06,174 |-INFO in ch.qos.logback.core.model.processor.AppenderRefModelHandler - Attaching appender named [RollingFile] to Logger[ROOT]
09:03:06,174 |-INFO in ch.qos.logback.core.model.processor.DefaultProcessor@31920ade - End of configuration.
09:03:06,175 |-INFO in ch.qos.logback.classic.joran.JoranConfigurator@1d483de4 - Registering current configuration as safe fallback point
09:03:06,175 |-INFO in ch.qos.logback.classic.util.ContextInitializer@490caf5f - ch.qos.logback.classic.util.DefaultJoranConfigurator.configure() call lasted 135 milliseconds. ExecutionStatus=DO_NOT_INVOKE_NEXT_IF_ANY

09:03:06.180 [main] &amp#27;[39mDEBUG&amp#27;[0;39m &amp#27;[36mcom.coffeecode.search.BinarySearch&amp#27;[0;39m - Performing binary search for 'test' using ENGLISH
]]></system-out>
  </testcase>
  <testcase name="shouldHandleNullSearchTerm" classname="com.coffeecode.search.BinarySearchTest$EdgeCases" time="0.009">
    <error message="Cannot read field &quot;value&quot; because &quot;anotherString&quot; is null" type="java.lang.NullPointerException"><![CDATA[java.lang.NullPointerException: Cannot read field "value" because "anotherString" is null
	at java.base/java.lang.String.compareTo(String.java:2131)
	at com.coffeecode.search.BinarySearch.search(BinarySearch.java:24)
	at com.coffeecode.search.BinarySearchTest$EdgeCases.shouldHandleNullSearchTerm(BinarySearchTest.java:86)
	at java.base/java.lang.reflect.Method.invoke(Method.java:580)
	at java.base/java.util.ArrayList.forEach(ArrayList.java:1597)
	at java.base/java.util.ArrayList.forEach(ArrayList.java:1597)
	at java.base/java.util.ArrayList.forEach(ArrayList.java:1597)
]]></error>
    <system-out><![CDATA[09:03:06.199 [main] &amp#27;[39mDEBUG&amp#27;[0;39m &amp#27;[36mcom.coffeecode.search.BinarySearch&amp#27;[0;39m - Performing binary search for 'null' using ENGLISH
]]></system-out>
  </testcase>
  <testcase name="shouldHandleEmptyArray" classname="com.coffeecode.search.BinarySearchTest$EdgeCases" time="0.006">
    <system-out><![CDATA[09:03:06.207 [main] &amp#27;[39mDEBUG&amp#27;[0;39m &amp#27;[36mcom.coffeecode.search.BinarySearch&amp#27;[0;39m - Performing binary search for 'test' using ENGLISH
09:03:06.207 [main] &amp#27;[39mDEBUG&amp#27;[0;39m &amp#27;[36mcom.coffeecode.search.BinarySearch&amp#27;[0;39m - 'test' not found in dictionary
]]></system-out>
  </testcase>
</testsuite>